#
# A fatal error has been detected by the Java Runtime Environment:
#
#  Internal Error (javaClasses.cpp:129), pid=5520, tid=2416
#  fatal error: Invalid layout of preloaded class
#
# JRE version: 7.0_17-b02
# Java VM: Java HotSpot(TM) 64-Bit Server VM (23.7-b01 mixed mode windows-amd64 compressed oops)
# Failed to write core dump. Minidumps are not enabled by default on client versions of Windows
#
# If you would like to submit a bug report, please visit:
#   http://bugreport.sun.com/bugreport/crash.jsp
#

---------------  T H R E A D  ---------------

Current thread (0x000000000044c800):  JavaThread "Unknown thread" [_thread_in_vm, id=2416, stack(0x0000000002680000,0x0000000002780000)]

Stack: [0x0000000002680000,0x0000000002780000]

---------------  P R O C E S S  ---------------

Java Threads: ( => current thread )

Other Threads:

=>0x000000000044c800 (exited) JavaThread "Unknown thread" [_thread_in_vm, id=2416, stack(0x0000000002680000,0x0000000002780000)]

VM state:not at safepoint (not fully initialized)

VM Mutex/Monitor currently owned by a thread: None

GC Heap History (0 events):
No events

Deoptimization events (0 events):
No events

Internal exceptions (0 events):
No events

Events (10 events):
Event: 0.030 loading class 0x000000000240fd30 done
Event: 0.030 loading class 0x00000000023d2170 done
Event: 0.030 loading class 0x00000000023d2140
Event: 0.030 loading class 0x000000000245ed20
Event: 0.031 loading class 0x000000000245ed20 done
Event: 0.031 loading class 0x000000000245ed60
Event: 0.031 loading class 0x000000000245ed60 done
Event: 0.031 loading class 0x0000000008aaf8c0
Event: 0.031 loading class 0x0000000008aaf8c0 done
Event: 0.031 loading class 0x00000000023d2140 done


Dynamic libraries:
0x000000013f040000 - 0x000000013f073000 	C:\Program Files\Java\jre7\bin\javaw.exe
0x00000000778d0000 - 0x0000000077a7c000 	C:\Windows\SYSTEM32\ntdll.dll
0x00000000755a0000 - 0x00000000755ed000 	C:\Program Files\AVAST Software\Avast\snxhk64.dll
0x00000000776b0000 - 0x00000000777cf000 	C:\Windows\system32\KERNEL32.dll
0x000007fefdb70000 - 0x000007fefdbdb000 	C:\Windows\system32\KERNELBASE.dll
0x000007fefe050000 - 0x000007fefe12b000 	C:\Windows\system32\ADVAPI32.dll
0x000007fefe8e0000 - 0x000007fefe97f000 	C:\Windows\system32\msvcrt.dll
0x000007fefdd80000 - 0x000007fefdd9f000 	C:\Windows\SYSTEM32\sechost.dll
0x000007fefdda0000 - 0x000007fefdece000 	C:\Windows\system32\RPCRT4.dll
0x00000000777d0000 - 0x00000000778ca000 	C:\Windows\system32\USER32.dll
0x000007fefe680000 - 0x000007fefe6e7000 	C:\Windows\system32\GDI32.dll
0x000007fefdc00000 - 0x000007fefdc0e000 	C:\Windows\system32\LPK.dll
0x000007fefdcb0000 - 0x000007fefdd7a000 	C:\Windows\system32\USP10.dll
0x000007fefc2c0000 - 0x000007fefc4b4000 	C:\Windows\WinSxS\amd64_microsoft.windows.common-controls_6595b64144ccf1df_6.0.7600.16385_none_fa645303170382f6\COMCTL32.dll
0x000007feff710000 - 0x000007feff781000 	C:\Windows\system32\SHLWAPI.dll
0x000007fefe520000 - 0x000007fefe54e000 	C:\Windows\system32\IMM32.DLL
0x000007fefe130000 - 0x000007fefe239000 	C:\Windows\system32\MSCTF.dll
0x000000006eef0000 - 0x000000006efc1000 	C:\Program Files\Java\jre7\bin\msvcr100.dll
0x0000000068150000 - 0x000000006886f000 	C:\Program Files\Java\jre7\bin\server\jvm.dll
0x000007fef8870000 - 0x000007fef8879000 	C:\Windows\system32\WSOCK32.dll
0x000007feff7b0000 - 0x000007feff7fd000 	C:\Windows\system32\WS2_32.dll
0x000007fefe8d0000 - 0x000007fefe8d8000 	C:\Windows\system32\NSI.dll
0x000007fefb630000 - 0x000007fefb66b000 	C:\Windows\system32\WINMM.dll
0x0000000077aa0000 - 0x0000000077aa7000 	C:\Windows\system32\PSAPI.DLL
0x000000006eee0000 - 0x000000006eeef000 	C:\Program Files\Java\jre7\bin\verify.dll
0x000000006eeb0000 - 0x000000006eed8000 	C:\Program Files\Java\jre7\bin\java.dll
0x000000006ee90000 - 0x000000006eea5000 	C:\Program Files\Java\jre7\bin\zip.dll

VM Arguments:
jvm_args: -Dfile.encoding=Cp1252 -Xbootclasspath:C:\Users\Chella\android-sdks\platforms\android-16\android.jar 
java_command: org.eclipse.jdt.internal.junit.runner.RemoteTestRunner -version 3 -port 50019 -testLoaderClass org.eclipse.jdt.internal.junit.runner.junit3.JUnit3TestLoader -loaderpluginname org.eclipse.jdt.junit.runtime -classNames com.example.my_sql_app.DatabaseHandlerTest
Launcher Type: SUN_STANDARD

Environment Variables:
PATH=C:\Windows\system32;C:\Windows;C:\Windows\System32\Wbem;C:\Windows\System32\WindowsPowerShell\v1.0\;C:\Program Files (x86)\ATI Technologies\ATI.ACE\Core-Static;C:\Program Files\WIDCOMM\Bluetooth Software\;C:\Program Files\WIDCOMM\Bluetooth Software\syswow64;C:\Program Files\Java\jdk1.7.0_17\bin;C:\MinGW\bin;C:\msys\1.0\bin;C:\MinGW\msys\1.0\bin
USERNAME=Chella
OS=Windows_NT
PROCESSOR_IDENTIFIER=Intel64 Family 6 Model 37 Stepping 2, GenuineIntel



---------------  S Y S T E M  ---------------

OS: Windows 7 , 64 bit Build 7600 

CPU:total 4 (2 cores per cpu, 2 threads per core) family 6 model 37 stepping 2, cmov, cx8, fxsr, mmx, sse, sse2, sse3, ssse3, sse4.1, sse4.2, popcnt, ht, tsc, tscinvbit

Memory: 4k page, physical 4053720k(1619024k free), swap 8105532k(5115552k free)

vm_info: Java HotSpot(TM) 64-Bit Server VM (23.7-b01) for windows-amd64 JRE (1.7.0_17-b02), built on Mar  1 2013 03:38:30 by "java_re" with unknown MS VC++:1600

time: Thu Sep 05 03:12:48 2013
elapsed time: 0 seconds

